social_sdk_example/app/build/outputs/logs/manifest-merger-debug-report.txt
-- Merging decision tree log ---
manifest
ADDED from src\main\AndroidManifest.xml:1:1-225:12
	package
		ADDED from src\main\AndroidManifest.xml:3:5-34
		INJECTED from src\main\AndroidManifest.xml
		INJECTED from src\main\AndroidManifest.xml
	android:versionName
		ADDED from src\main\AndroidManifest.xml:6:5-32
		INJECTED from src\main\AndroidManifest.xml
		INJECTED from src\main\AndroidManifest.xml
	xmlns:tools
		ADDED from src\main\AndroidManifest.xml:2:5-51
	android:versionCode
		ADDED from src\main\AndroidManifest.xml:5:5-28
		INJECTED from src\main\AndroidManifest.xml
		INJECTED from src\main\AndroidManifest.xml
	xmlns:android
		ADDED from src\main\AndroidManifest.xml:1:11-69
application
ADDED from src\main\AndroidManifest.xml:9:5-200:19
MERGED from [com.android.support:support-v4:23.4.0] AndroidManifest.xml:22:5-20
	android:label
		ADDED from src\main\AndroidManifest.xml:9:45-77
	android:allowBackup
		ADDED from src\main\AndroidManifest.xml:9:18-44
	android:icon
		ADDED from src\main\AndroidManifest.xml:10:9-56
	android:name
		ADDED from src\main\AndroidManifest.xml:11:9-28
activity#com.umeng.soexample.MainActivity
ADDED from src\main\AndroidManifest.xml:13:9-24:20
	android:screenOrientation
		ADDED from src\main\AndroidManifest.xml:17:13-49
	android:label
		ADDED from src\main\AndroidManifest.xml:16:13-45
	android:configChanges
		ADDED from src\main\AndroidManifest.xml:15:13-57
	android:theme
		ADDED from src\main\AndroidManifest.xml:18:13-77
	android:name
		ADDED from src\main\AndroidManifest.xml:14:13-41
intent-filter#android.intent.action.MAIN+android.intent.category.LAUNCHER
ADDED from src\main\AndroidManifest.xml:19:13-23:29
action#android.intent.action.MAIN
ADDED from src\main\AndroidManifest.xml:20:17-69
	android:name
		ADDED from src\main\AndroidManifest.xml:20:25-66
category#android.intent.category.LAUNCHER
ADDED from src\main\AndroidManifest.xml:22:17-77
	android:name
		ADDED from src\main\AndroidManifest.xml:22:27-74
activity#com.umeng.soexample.share_auth.ShareMenuActivity
ADDED from src\main\AndroidManifest.xml:25:9-34:20
	android:screenOrientation
		ADDED from src\main\AndroidManifest.xml:29:13-49
	android:label
		ADDED from src\main\AndroidManifest.xml:28:13-45
	android:configChanges
		ADDED from src\main\AndroidManifest.xml:27:13-57
	android:theme
		ADDED from src\main\AndroidManifest.xml:30:13-77
	android:name
		ADDED from src\main\AndroidManifest.xml:26:13-57
intent-filter#android.intent.action.MAIN
ADDED from src\main\AndroidManifest.xml:31:13-33:29
activity#com.umeng.soexample.share_auth.AuthActivity
ADDED from src\main\AndroidManifest.xml:35:9-44:20
	android:screenOrientation
		ADDED from src\main\AndroidManifest.xml:39:13-49
	android:label
		ADDED from src\main\AndroidManifest.xml:38:13-45
	android:configChanges
		ADDED from src\main\AndroidManifest.xml:37:13-57
	android:theme
		ADDED from src\main\AndroidManifest.xml:40:13-77
	android:name
		ADDED from src\main\AndroidManifest.xml:36:13-52
activity#com.umeng.soexample.share_auth.UserinfoActivity
ADDED from src\main\AndroidManifest.xml:45:9-54:20
	android:screenOrientation
		ADDED from src\main\AndroidManifest.xml:49:13-49
	android:label
		ADDED from src\main\AndroidManifest.xml:48:13-45
	android:configChanges
		ADDED from src\main\AndroidManifest.xml:47:13-57
	android:theme
		ADDED from src\main\AndroidManifest.xml:50:13-77
	android:name
		ADDED from src\main\AndroidManifest.xml:46:13-56
activity#com.umeng.soexample.share_auth.ShareActivity
ADDED from src\main\AndroidManifest.xml:55:9-65:20
	android:fitsSystemWindows
		ADDED from src\main\AndroidManifest.xml:60:13-45
	android:screenOrientation
		ADDED from src\main\AndroidManifest.xml:59:13-49
	android:label
		ADDED from src\main\AndroidManifest.xml:58:13-45
	android:configChanges
		ADDED from src\main\AndroidManifest.xml:57:13-57
	android:theme
		ADDED from src\main\AndroidManifest.xml:61:13-66
	android:name
		ADDED from src\main\AndroidManifest.xml:56:13-53
activity#com.umeng.soexample.WBShareActivity
ADDED from src\main\AndroidManifest.xml:69:9-77:20
	android:screenOrientation
		ADDED from src\main\AndroidManifest.xml:72:13-49
	android:configChanges
		ADDED from src\main\AndroidManifest.xml:71:13-63
	android:name
		ADDED from src\main\AndroidManifest.xml:70:13-44
intent-filter#android.intent.category.DEFAULT+com.sina.weibo.sdk.action.ACTION_SDK_REQ_ACTIVITY
ADDED from src\main\AndroidManifest.xml:73:13-76:29
action#com.sina.weibo.sdk.action.ACTION_SDK_REQ_ACTIVITY
ADDED from src\main\AndroidManifest.xml:74:17-92
	android:name
		ADDED from src\main\AndroidManifest.xml:74:25-89
category#android.intent.category.DEFAULT
ADDED from src\main\AndroidManifest.xml:75:17-76
	android:name
		ADDED from src\main\AndroidManifest.xml:75:27-73
activity#com.sina.weibo.sdk.component.WeiboSdkBrowser
ADDED from src\main\AndroidManifest.xml:78:9-83:20
	android:exported
		ADDED from src\main\AndroidManifest.xml:82:13-37
	android:windowSoftInputMode
		ADDED from src\main\AndroidManifest.xml:81:13-55
	android:configChanges
		ADDED from src\main\AndroidManifest.xml:80:13-63
	android:name
		ADDED from src\main\AndroidManifest.xml:79:13-72
activity#com.umeng.soexample.yxapi.YXEntryActivity
ADDED from src\main\AndroidManifest.xml:85:9-90:75
	android:screenOrientation
		ADDED from src\main\AndroidManifest.xml:89:13-49
	android:exported
		ADDED from src\main\AndroidManifest.xml:88:13-36
	android:configChanges
		ADDED from src\main\AndroidManifest.xml:87:13-74
	android:theme
		ADDED from src\main\AndroidManifest.xml:90:13-72
	android:name
		ADDED from src\main\AndroidManifest.xml:86:13-50
activity#com.umeng.socialize.editorpage.ShareActivity
ADDED from src\main\AndroidManifest.xml:93:9-97:15
	android:excludeFromRecents
		ADDED from src\main\AndroidManifest.xml:96:13-46
	android:theme
		ADDED from src\main\AndroidManifest.xml:95:13-51
	android:name
		ADDED from src\main\AndroidManifest.xml:94:13-72
activity#com.umeng.soexample.wxapi.WXEntryActivity
ADDED from src\main\AndroidManifest.xml:99:9-104:75
	android:screenOrientation
		ADDED from src\main\AndroidManifest.xml:103:13-49
	android:exported
		ADDED from src\main\AndroidManifest.xml:102:13-36
	android:configChanges
		ADDED from src\main\AndroidManifest.xml:101:13-74
	android:theme
		ADDED from src\main\AndroidManifest.xml:104:13-72
	android:name
		ADDED from src\main\AndroidManifest.xml:100:13-50
activity#com.umeng.soexample.apshare.ShareEntryActivity
ADDED from src\main\AndroidManifest.xml:106:9-111:75
	android:screenOrientation
		ADDED from src\main\AndroidManifest.xml:110:13-49
	android:exported
		ADDED from src\main\AndroidManifest.xml:109:13-36
	android:configChanges
		ADDED from src\main\AndroidManifest.xml:108:13-74
	android:theme
		ADDED from src\main\AndroidManifest.xml:111:13-72
	android:name
		ADDED from src\main\AndroidManifest.xml:107:13-55
activity#com.renn.rennsdk.oauth.OAuthActivity
ADDED from src\main\AndroidManifest.xml:113:9-115:77
	android:configChanges
		ADDED from src\main\AndroidManifest.xml:115:13-74
	android:name
		ADDED from src\main\AndroidManifest.xml:114:13-64
activity#jp.line.android.sdk.activity.LineAuthCompleteActivity
ADDED from src\main\AndroidManifest.xml:118:9-128:20
	android:screenOrientation
		ADDED from src\main\AndroidManifest.xml:121:13-47
	android:exported
		ADDED from src\main\AndroidManifest.xml:120:13-36
	android:configChanges
		ADDED from src\main\AndroidManifest.xml:119:13-57
	android:name
		ADDED from src\main\AndroidManifest.xml:118:19-87
intent-filter#android.intent.action.VIEW+android.intent.category.BROWSABLE+android.intent.category.DEFAULT
ADDED from src\main\AndroidManifest.xml:122:13-127:29
action#android.intent.action.VIEW
ADDED from src\main\AndroidManifest.xml:123:17-69
	android:name
		ADDED from src\main\AndroidManifest.xml:123:25-66
category#android.intent.category.BROWSABLE
ADDED from src\main\AndroidManifest.xml:125:17-78
	android:name
		ADDED from src\main\AndroidManifest.xml:125:27-75
data
ADDED from src\main\AndroidManifest.xml:126:17-58
	android:scheme
		ADDED from src\main\AndroidManifest.xml:126:23-55
activity#jp.line.android.sdk.activity.WebLoginActivity
ADDED from src\main\AndroidManifest.xml:130:9-134:20
	android:screenOrientation
		ADDED from src\main\AndroidManifest.xml:133:13-47
	android:exported
		ADDED from src\main\AndroidManifest.xml:131:13-37
	android:configChanges
		ADDED from src\main\AndroidManifest.xml:132:13-57
	android:name
		ADDED from src\main\AndroidManifest.xml:130:19-79
activity#com.tencent.tauth.AuthActivity
ADDED from src\main\AndroidManifest.xml:136:9-148:20
	android:launchMode
		ADDED from src\main\AndroidManifest.xml:138:13-44
	android:noHistory
		ADDED from src\main\AndroidManifest.xml:139:13-37
	android:name
		ADDED from src\main\AndroidManifest.xml:137:13-58
activity#com.tencent.connect.common.AssistActivity
ADDED from src\main\AndroidManifest.xml:149:9-153:76
	android:screenOrientation
		ADDED from src\main\AndroidManifest.xml:151:13-49
	android:configChanges
		ADDED from src\main\AndroidManifest.xml:153:13-74
	android:theme
		ADDED from src\main\AndroidManifest.xml:152:13-72
	android:name
		ADDED from src\main\AndroidManifest.xml:150:13-69
uses-library#com.google.android.maps
ADDED from src\main\AndroidManifest.xml:154:9-156:40
	android:required
		ADDED from src\main\AndroidManifest.xml:156:13-37
	android:name
		ADDED from src\main\AndroidManifest.xml:155:13-51
uses-library#android.test.runner
ADDED from src\main\AndroidManifest.xml:157:9-60
	android:name
		ADDED from src\main\AndroidManifest.xml:157:23-57
activity#com.facebook.FacebookActivity
ADDED from src\main\AndroidManifest.xml:159:9-163:75
	android:label
		ADDED from src\main\AndroidManifest.xml:162:13-45
	android:configChanges
		ADDED from src\main\AndroidManifest.xml:161:13-96
	android:theme
		ADDED from src\main\AndroidManifest.xml:163:13-72
	android:name
		ADDED from src\main\AndroidManifest.xml:160:13-57
provider#com.facebook.FacebookContentProvider
ADDED from src\main\AndroidManifest.xml:165:9-168:39
	android:authorities
		ADDED from src\main\AndroidManifest.xml:167:13-90
	android:exported
		ADDED from src\main\AndroidManifest.xml:168:13-36
	android:name
		ADDED from src\main\AndroidManifest.xml:166:13-64
meta-data#com.facebook.sdk.ApplicationId
ADDED from src\main\AndroidManifest.xml:170:9-172:55
	android:value
		ADDED from src\main\AndroidManifest.xml:172:13-52
	android:name
		ADDED from src\main\AndroidManifest.xml:171:13-58
meta-data#jp.line.sdk.ChannelId
ADDED from src\main\AndroidManifest.xml:174:9-176:42
	android:value
		ADDED from src\main\AndroidManifest.xml:176:13-39
	android:name
		ADDED from src\main\AndroidManifest.xml:175:13-49
meta-data#jp.line.sdk.AuthScheme
ADDED from src\main\AndroidManifest.xml:177:9-179:47
	android:value
		ADDED from src\main\AndroidManifest.xml:179:13-44
	android:name
		ADDED from src\main\AndroidManifest.xml:178:13-50
activity#com.umeng.socialize.handler.TwitterWebActivity
ADDED from src\main\AndroidManifest.xml:181:9-186:48
	android:label
		ADDED from src\main\AndroidManifest.xml:186:13-45
	android:configChanges
		ADDED from src\main\AndroidManifest.xml:183:13-113
	android:theme
		ADDED from src\main\AndroidManifest.xml:185:13-72
	android:name
		ADDED from src\main\AndroidManifest.xml:182:13-74
meta-data#UMENG_APPKEY
ADDED from src\main\AndroidManifest.xml:190:9-193:21
	android:value
		ADDED from src\main\AndroidManifest.xml:192:13-53
	android:name
		ADDED from src\main\AndroidManifest.xml:191:13-40
meta-data#UMENG_CHANNEL
ADDED from src\main\AndroidManifest.xml:194:9-197:21
	android:value
		ADDED from src\main\AndroidManifest.xml:196:13-34
	android:name
		ADDED from src\main\AndroidManifest.xml:195:13-41
service#com.sina.weibo.sdk.net.DownloadService
ADDED from src\main\AndroidManifest.xml:198:9-199:48
	android:exported
		ADDED from src\main\AndroidManifest.xml:199:13-37
	android:name
		ADDED from src\main\AndroidManifest.xml:198:18-71
uses-sdk
ADDED from src\main\AndroidManifest.xml:201:5-205:11
MERGED from [com.android.support:support-v4:23.4.0] AndroidManifest.xml:20:5-43
	tools:overrideLibrary
		ADDED from src\main\AndroidManifest.xml:204:9-91
	android:targetSdkVersion
		ADDED from src\main\AndroidManifest.xml:203:9-38
		INJECTED from src\main\AndroidManifest.xml
		INJECTED from src\main\AndroidManifest.xml
	android:minSdkVersion
		ADDED from src\main\AndroidManifest.xml:202:9-34
		INJECTED from src\main\AndroidManifest.xml
		INJECTED from src\main\AndroidManifest.xml
uses-permission#android.permission.ACCESS_NETWORK_STATE
ADDED from src\main\AndroidManifest.xml:206:5-79
	android:name
		ADDED from src\main\AndroidManifest.xml:206:22-76
uses-permission#android.permission.ACCESS_WIFI_STATE
ADDED from src\main\AndroidManifest.xml:207:5-76
	android:name
		ADDED from src\main\AndroidManifest.xml:207:22-73
uses-permission#android.permission.READ_PHONE_STATE
ADDED from src\main\AndroidManifest.xml:208:5-75
	android:name
		ADDED from src\main\AndroidManifest.xml:208:22-72
uses-permission#android.permission.WRITE_EXTERNAL_STORAGE
ADDED from src\main\AndroidManifest.xml:209:5-81
	android:name
		ADDED from src\main\AndroidManifest.xml:209:22-78
uses-permission#android.permission.INTERNET
ADDED from src\main\AndroidManifest.xml:210:5-67
	android:name
		ADDED from src\main\AndroidManifest.xml:210:22-64
uses-permission#android.permission.READ_LOGS
ADDED from src\main\AndroidManifest.xml:211:5-68
	android:name
		ADDED from src\main\AndroidManifest.xml:211:22-65
uses-permission#android.permission.CALL_PHONE
ADDED from src\main\AndroidManifest.xml:212:5-69
	android:name
		ADDED from src\main\AndroidManifest.xml:212:22-66
uses-permission#android.permission.ACCESS_FINE_LOCATION
ADDED from src\main\AndroidManifest.xml:213:5-79
	android:name
		ADDED from src\main\AndroidManifest.xml:213:22-76
uses-permission#android.permission.ACCESS_COARSE_LOCATION
ADDED from src\main\AndroidManifest.xml:214:5-81
	android:name
		ADDED from src\main\AndroidManifest.xml:214:22-78
uses-permission#android.permission.GET_TASKS
ADDED from src\main\AndroidManifest.xml:219:5-68
	android:name
		ADDED from src\main\AndroidManifest.xml:219:22-65
uses-permission#android.permission.SET_DEBUG_APP
ADDED from src\main\AndroidManifest.xml:220:5-72
	android:name
		ADDED from src\main\AndroidManifest.xml:220:22-69
uses-permission#android.permission.SYSTEM_ALERT_WINDOW
ADDED from src\main\AndroidManifest.xml:221:5-78
	android:name
		ADDED from src\main\AndroidManifest.xml:221:22-75
uses-permission#android.permission.GET_ACCOUNTS
ADDED from src\main\AndroidManifest.xml:222:5-71
	android:name
		ADDED from src\main\AndroidManifest.xml:222:22-68
uses-permission#android.permission.USE_CREDENTIALS
ADDED from src\main\AndroidManifest.xml:223:5-74
	android:name
		ADDED from src\main\AndroidManifest.xml:223:22-71
uses-permission#android.permission.MANAGE_ACCOUNTS
ADDED from src\main\AndroidManifest.xml:224:5-74
	android:name
		ADDED from src\main\AndroidManifest.xml:224:22-71